{"/Users/adamlochno/Desktop/Repositories/whiteBoxTesting/js/forTheArticle.js": {"path":"/Users/adamlochno/Desktop/Repositories/whiteBoxTesting/js/forTheArticle.js","statementMap":{"0":{"start":{"line":2,"column":4},"end":{"line":18,"column":5}},"1":{"start":{"line":3,"column":8},"end":{"line":11,"column":9}},"2":{"start":{"line":4,"column":12},"end":{"line":4,"column":24}},"3":{"start":{"line":6,"column":12},"end":{"line":10,"column":13}},"4":{"start":{"line":7,"column":16},"end":{"line":7,"column":29}},"5":{"start":{"line":9,"column":16},"end":{"line":9,"column":27}},"6":{"start":{"line":13,"column":8},"end":{"line":17,"column":9}},"7":{"start":{"line":14,"column":12},"end":{"line":14,"column":24}},"8":{"start":{"line":16,"column":12},"end":{"line":16,"column":24}},"9":{"start":{"line":20,"column":0},"end":{"line":20,"column":30}}},"fnMap":{"0":{"name":"forTheArticle","decl":{"start":{"line":1,"column":9},"end":{"line":1,"column":22}},"loc":{"start":{"line":1,"column":35},"end":{"line":19,"column":1}},"line":1}},"branchMap":{"0":{"loc":{"start":{"line":2,"column":4},"end":{"line":18,"column":5}},"type":"if","locations":[{"start":{"line":2,"column":4},"end":{"line":18,"column":5}},{"start":{"line":2,"column":4},"end":{"line":18,"column":5}}],"line":2},"1":{"loc":{"start":{"line":3,"column":8},"end":{"line":11,"column":9}},"type":"if","locations":[{"start":{"line":3,"column":8},"end":{"line":11,"column":9}},{"start":{"line":3,"column":8},"end":{"line":11,"column":9}}],"line":3},"2":{"loc":{"start":{"line":6,"column":12},"end":{"line":10,"column":13}},"type":"if","locations":[{"start":{"line":6,"column":12},"end":{"line":10,"column":13}},{"start":{"line":6,"column":12},"end":{"line":10,"column":13}}],"line":6},"3":{"loc":{"start":{"line":13,"column":8},"end":{"line":17,"column":9}},"type":"if","locations":[{"start":{"line":13,"column":8},"end":{"line":17,"column":9}},{"start":{"line":13,"column":8},"end":{"line":17,"column":9}}],"line":13}},"s":{"0":5,"1":3,"2":1,"3":2,"4":1,"5":1,"6":2,"7":1,"8":1,"9":1},"f":{"0":5},"b":{"0":[3,2],"1":[1,2],"2":[1,1],"3":[1,1]},"_coverageSchema":"1a1c01bbd47fc00a2c39e90264f33305004495a9","hash":"ed2600dd17720acc2b902d155cb8999b557d834e"}
}
